<?xml version="1.0" encoding="UTF-8"?>
<testsuite xmlns:xsi="http://www.w3.org/2001/XMLSchema-instance" xsi:noNamespaceSchemaLocation="https://maven.apache.org/surefire/maven-surefire-plugin/xsd/surefire-test-report-3.0.xsd" version="3.0" name="test.restful.addressbook.tests.MockServerTests" time="0.862" tests="12" errors="0" skipped="0" failures="0">
  <properties>
[...]
</properties>
  <testcase name="createNotExistingContact" classname="test.restful.addressbook.tests.MockServerTests" time="0.051">
    <system-out><![CDATA[
  .   ____          _            __ _ _
 /\\ / ___'_ __ _ _(_)_ __  __ _ \ \ \ \
( ( )\___ | '_ | '_| | '_ \/ _` | \ \ \ \
 \\/  ___)| |_)| | | | | || (_| |  ) ) ) )
  '  |____| .__|_| |_|_| |_\__, | / / / /
 =========|_|==============|___/=/_/_/_/
 :: Spring Boot ::                (v3.2.3)

2025-06-18T16:55:50.879+10:00  INFO 25328 --- [           main] t.r.addressbook.tests.MockServerTests    : Starting MockServerTests using Java 21.0.7 with PID 25328 (started by navee in C:\Cursor\addressbook\addressbook-rest-service)
2025-06-18T16:55:50.879+10:00  INFO 25328 --- [           main] t.r.addressbook.tests.MockServerTests    : The following 1 profile is active: "test"
2025-06-18T16:55:50.879+10:00 DEBUG 25328 --- [           main] o.s.w.c.s.GenericWebApplicationContext   : Refreshing org.springframework.web.context.support.GenericWebApplicationContext@5cd701e4
2025-06-18T16:55:50.908+10:00 DEBUG 25328 --- [           main] o.s.c.a.ClassPathBeanDefinitionScanner   : Identified candidate component class: file [C:\Cursor\addressbook\addressbook-rest-service\target\classes\code\restful\addressbook\AddressBookController.class]
2025-06-18T16:55:50.908+10:00 DEBUG 25328 --- [           main] o.s.c.a.ClassPathBeanDefinitionScanner   : Identified candidate component class: file [C:\Cursor\addressbook\addressbook-rest-service\target\classes\code\restful\config\OpenApiConfig.class]
2025-06-18T16:55:50.908+10:00 DEBUG 25328 --- [           main] o.s.c.a.ClassPathBeanDefinitionScanner   : Identified candidate component class: file [C:\Cursor\addressbook\addressbook-rest-service\target\classes\code\restful\exception\GlobalExceptionHandler.class]
2025-06-18T16:55:50.908+10:00 DEBUG 25328 --- [           main] o.s.c.a.ClassPathBeanDefinitionScanner   : Identified candidate component class: file [C:\Cursor\addressbook\addressbook-rest-service\target\classes\code\restful\persistence\addressbook\InMemoryAddressBook.class]
2025-06-18T16:55:50.908+10:00 DEBUG 25328 --- [           main] o.s.c.a.ClassPathBeanDefinitionScanner   : Identified candidate component class: file [C:\Cursor\addressbook\addressbook-rest-service\target\classes\code\restful\persistence\addressbook\InMemoryAddressBook2.class]
2025-06-18T16:55:51.229+10:00 DEBUG 25328 --- [           main] s.w.s.m.m.a.RequestMappingHandlerMapping : 11 mappings in 'requestMappingHandlerMapping'
2025-06-18T16:55:51.255+10:00 DEBUG 25328 --- [           main] o.s.w.s.handler.SimpleUrlHandlerMapping  : Patterns [/webjars/**, /**, /swagger-ui*/*swagger-initializer.js, /swagger-ui*/**] in 'resourceHandlerMapping'
2025-06-18T16:55:51.267+10:00 DEBUG 25328 --- [           main] s.w.s.m.m.a.RequestMappingHandlerAdapter : ControllerAdvice beans: 0 @ModelAttribute, 0 @InitBinder, 1 RequestBodyAdvice, 1 ResponseBodyAdvice
2025-06-18T16:55:51.269+10:00 DEBUG 25328 --- [           main] .m.m.a.ExceptionHandlerExceptionResolver : ControllerAdvice beans: 2 @ExceptionHandler, 1 ResponseBodyAdvice
2025-06-18T16:55:51.306+10:00  INFO 25328 --- [           main] o.s.b.t.m.w.SpringBootMockServletContext : Initializing Spring TestDispatcherServlet ''
2025-06-18T16:55:51.306+10:00  INFO 25328 --- [           main] o.s.t.web.servlet.TestDispatcherServlet  : Initializing Servlet ''
2025-06-18T16:55:51.306+10:00 DEBUG 25328 --- [           main] o.s.t.web.servlet.TestDispatcherServlet  : Detected StandardServletMultipartResolver
2025-06-18T16:55:51.306+10:00 DEBUG 25328 --- [           main] o.s.t.web.servlet.TestDispatcherServlet  : Detected AcceptHeaderLocaleResolver
2025-06-18T16:55:51.306+10:00 DEBUG 25328 --- [           main] o.s.t.web.servlet.TestDispatcherServlet  : Detected FixedThemeResolver
2025-06-18T16:55:51.306+10:00 DEBUG 25328 --- [           main] o.s.t.web.servlet.TestDispatcherServlet  : Detected org.springframework.web.servlet.view.DefaultRequestToViewNameTranslator@4682882a
2025-06-18T16:55:51.306+10:00 DEBUG 25328 --- [           main] o.s.t.web.servlet.TestDispatcherServlet  : Detected org.springframework.web.servlet.support.SessionFlashMapManager@37fffef3
2025-06-18T16:55:51.306+10:00 DEBUG 25328 --- [           main] o.s.t.web.servlet.TestDispatcherServlet  : enableLoggingRequestDetails='false': request parameters and headers will be masked to prevent unsafe logging of potentially sensitive data
2025-06-18T16:55:51.306+10:00  INFO 25328 --- [           main] o.s.t.web.servlet.TestDispatcherServlet  : Completed initialization in 0 ms
2025-06-18T16:55:51.306+10:00 DEBUG 25328 --- [           main] o.s.c.support.DefaultLifecycleProcessor  : Starting beans in phase -2147483647
2025-06-18T16:55:51.306+10:00 DEBUG 25328 --- [           main] o.s.c.support.DefaultLifecycleProcessor  : Successfully started bean 'springBootLoggingLifecycle'
2025-06-18T16:55:51.306+10:00 DEBUG 25328 --- [           main] o.s.c.support.DefaultLifecycleProcessor  : Starting beans in phase 2147483647
2025-06-18T16:55:51.322+10:00  INFO 25328 --- [           main] t.r.addressbook.tests.MockServerTests    : Started MockServerTests in 0.522 seconds (process running for 6.087)
2025-06-18T16:55:51.322+10:00 DEBUG 25328 --- [           main] org.springframework.test.context.cache   : Spring test ApplicationContext cache statistics: [DefaultContextCache@64508788 size = 2, maxSize = 32, parentContextCount = 0, hitCount = 52, missCount = 2, failureCount = 0]
2025-06-18T16:55:51.322+10:00 DEBUG 25328 --- [           main] o.s.t.c.w.ServletTestExecutionListener   : Setting up MockHttpServletRequest, MockHttpServletResponse, ServletWebRequest, and RequestContextHolder for test class test.restful.addressbook.tests.MockServerTests
2025-06-18T16:55:51.322+10:00 DEBUG 25328 --- [           main] DependencyInjectionTestExecutionListener : Performing dependency injection for test class test.restful.addressbook.tests.MockServerTests
2025-06-18T16:55:51.322+10:00 DEBUG 25328 --- [           main] org.springframework.test.context.cache   : Spring test ApplicationContext cache statistics: [DefaultContextCache@64508788 size = 2, maxSize = 32, parentContextCount = 0, hitCount = 53, missCount = 2, failureCount = 0]
2025-06-18T16:55:51.328+10:00 DEBUG 25328 --- [           main] org.springframework.test.context.cache   : Spring test ApplicationContext cache statistics: [DefaultContextCache@64508788 size = 2, maxSize = 32, parentContextCount = 0, hitCount = 54, missCount = 2, failureCount = 0]
2025-06-18T16:55:51.328+10:00 DEBUG 25328 --- [           main] sContextBeforeModesTestExecutionListener : Before test method: class [MockServerTests], method [createNotExistingContact], class annotated with @DirtiesContext [false] with mode [null], method annotated with @DirtiesContext [false] with mode [null]
2025-06-18T16:55:51.328+10:00 DEBUG 25328 --- [           main] org.springframework.test.context.cache   : Spring test ApplicationContext cache statistics: [DefaultContextCache@64508788 size = 2, maxSize = 32, parentContextCount = 0, hitCount = 55, missCount = 2, failureCount = 0]
2025-06-18T16:55:51.328+10:00 DEBUG 25328 --- [           main] org.springframework.test.context.cache   : Spring test ApplicationContext cache statistics: [DefaultContextCache@64508788 size = 2, maxSize = 32, parentContextCount = 0, hitCount = 56, missCount = 2, failureCount = 0]
2025-06-18T16:55:51.338+10:00 DEBUG 25328 --- [           main] org.springframework.test.context.cache   : Spring test ApplicationContext cache statistics: [DefaultContextCache@64508788 size = 2, maxSize = 32, parentContextCount = 0, hitCount = 57, missCount = 2, failureCount = 0]
2025-06-18T16:55:51.339+10:00 DEBUG 25328 --- [           main] o.s.t.web.servlet.TestDispatcherServlet  : POST "/api/contacts", parameters={}
2025-06-18T16:55:51.339+10:00 DEBUG 25328 --- [           main] s.w.s.m.m.a.RequestMappingHandlerMapping : Mapped to code.restful.addressbook.AddressBookController#createContact(ContactDetailsImpl)
2025-06-18T16:55:51.358+10:00 DEBUG 25328 --- [           main] m.m.a.RequestResponseBodyMethodProcessor : Read "application/json;charset=UTF-8" to [ContactDetailsImpl{id=null, firstName='John', lastName='Doe', email='john.doe@example.com', phoneNum (truncated)...]
2025-06-18T16:55:51.372+10:00 DEBUG 25328 --- [           main] o.s.w.s.m.m.a.HttpEntityMethodProcessor  : Using 'application/json', given [*/*] and supported [application/json, application/*+json]
2025-06-18T16:55:51.372+10:00 DEBUG 25328 --- [           main] o.s.w.s.m.m.a.HttpEntityMethodProcessor  : Writing [ContactDetailsImpl{id=1, firstName='John', lastName='Doe', email='john.doe@example.com', phoneNumber (truncated)...]
2025-06-18T16:55:51.374+10:00 DEBUG 25328 --- [           main] o.s.t.web.servlet.TestDispatcherServlet  : Completed 201 CREATED

MockHttpServletRequest:
      HTTP Method = POST
      Request URI = /api/contacts
       Parameters = {}
          Headers = [Content-Type:"application/json;charset=UTF-8", Content-Length:"119"]
             Body = {"firstName":"John","lastName":"Doe","phoneNumber":"1234567890","email":"john.doe@example.com","address":"123 Main St"}
    Session Attrs = {}

Handler:
             Type = code.restful.addressbook.AddressBookController
           Method = code.restful.addressbook.AddressBookController#createContact(ContactDetailsImpl)

Async:
    Async started = false
     Async result = null

Resolved Exception:
             Type = null

ModelAndView:
        View name = null
             View = null
            Model = null

FlashMap:
       Attributes = null

MockHttpServletResponse:
           Status = 201
    Error message = null
          Headers = [Content-Type:"application/json"]
     Content type = application/json
             Body = {"type":"ContactDetailsImpl","id":1,"firstName":"John","lastName":"Doe","email":"john.doe@example.com","phoneNumber":"1234567890","address":"123 Main St"}
    Forwarded URL = null
   Redirected URL = null
          Cookies = []
2025-06-18T16:55:51.379+10:00 DEBUG 25328 --- [           main] org.springframework.test.context.cache   : Spring test ApplicationContext cache statistics: [DefaultContextCache@64508788 size = 2, maxSize = 32, parentContextCount = 0, hitCount = 58, missCount = 2, failureCount = 0]
2025-06-18T16:55:51.379+10:00 DEBUG 25328 --- [           main] org.springframework.test.context.cache   : Spring test ApplicationContext cache statistics: [DefaultContextCache@64508788 size = 2, maxSize = 32, parentContextCount = 0, hitCount = 59, missCount = 2, failureCount = 0]
2025-06-18T16:55:51.379+10:00 DEBUG 25328 --- [           main] org.springframework.test.context.cache   : Spring test ApplicationContext cache statistics: [DefaultContextCache@64508788 size = 2, maxSize = 32, parentContextCount = 0, hitCount = 60, missCount = 2, failureCount = 0]
2025-06-18T16:55:51.379+10:00 DEBUG 25328 --- [           main] org.springframework.test.context.cache   : Spring test ApplicationContext cache statistics: [DefaultContextCache@64508788 size = 2, maxSize = 32, parentContextCount = 0, hitCount = 61, missCount = 2, failureCount = 0]
2025-06-18T16:55:51.379+10:00 DEBUG 25328 --- [           main] org.springframework.test.context.cache   : Spring test ApplicationContext cache statistics: [DefaultContextCache@64508788 size = 2, maxSize = 32, parentContextCount = 0, hitCount = 62, missCount = 2, failureCount = 0]
2025-06-18T16:55:51.379+10:00 DEBUG 25328 --- [           main] org.springframework.test.context.cache   : Spring test ApplicationContext cache statistics: [DefaultContextCache@64508788 size = 2, maxSize = 32, parentContextCount = 0, hitCount = 63, missCount = 2, failureCount = 0]
2025-06-18T16:55:51.379+10:00 DEBUG 25328 --- [           main] .c.s.DirtiesContextTestExecutionListener : After test method: class [MockServerTests], method [createNotExistingContact], class annotated with @DirtiesContext [false] with mode [null], method annotated with @DirtiesContext [false] with mode [null]
2025-06-18T16:55:51.379+10:00 DEBUG 25328 --- [           main] o.s.t.c.w.ServletTestExecutionListener   : Resetting RequestContextHolder for test class test.restful.addressbook.tests.MockServerTests
]]></system-out>
  </testcase>
  <testcase name="createContactTwice" classname="test.restful.addressbook.tests.MockServerTests" time="0.026">
    <system-out><![CDATA[2025-06-18T16:55:51.379+10:00 DEBUG 25328 --- [           main] org.springframework.test.context.cache   : Spring test ApplicationContext cache statistics: [DefaultContextCache@64508788 size = 2, maxSize = 32, parentContextCount = 0, hitCount = 64, missCount = 2, failureCount = 0]
2025-06-18T16:55:51.379+10:00 DEBUG 25328 --- [           main] o.s.t.c.w.ServletTestExecutionListener   : Setting up MockHttpServletRequest, MockHttpServletResponse, ServletWebRequest, and RequestContextHolder for test class test.restful.addressbook.tests.MockServerTests
2025-06-18T16:55:51.379+10:00 DEBUG 25328 --- [           main] DependencyInjectionTestExecutionListener : Performing dependency injection for test class test.restful.addressbook.tests.MockServerTests
2025-06-18T16:55:51.389+10:00 DEBUG 25328 --- [           main] org.springframework.test.context.cache   : Spring test ApplicationContext cache statistics: [DefaultContextCache@64508788 size = 2, maxSize = 32, parentContextCount = 0, hitCount = 65, missCount = 2, failureCount = 0]
2025-06-18T16:55:51.390+10:00 DEBUG 25328 --- [           main] org.springframework.test.context.cache   : Spring test ApplicationContext cache statistics: [DefaultContextCache@64508788 size = 2, maxSize = 32, parentContextCount = 0, hitCount = 66, missCount = 2, failureCount = 0]
2025-06-18T16:55:51.392+10:00 DEBUG 25328 --- [           main] sContextBeforeModesTestExecutionListener : Before test method: class [MockServerTests], method [createContactTwice], class annotated with @DirtiesContext [false] with mode [null], method annotated with @DirtiesContext [false] with mode [null]
2025-06-18T16:55:51.393+10:00 DEBUG 25328 --- [           main] org.springframework.test.context.cache   : Spring test ApplicationContext cache statistics: [DefaultContextCache@64508788 size = 2, maxSize = 32, parentContextCount = 0, hitCount = 67, missCount = 2, failureCount = 0]
2025-06-18T16:55:51.393+10:00 DEBUG 25328 --- [           main] org.springframework.test.context.cache   : Spring test ApplicationContext cache statistics: [DefaultContextCache@64508788 size = 2, maxSize = 32, parentContextCount = 0, hitCount = 68, missCount = 2, failureCount = 0]
2025-06-18T16:55:51.395+10:00 DEBUG 25328 --- [           main] org.springframework.test.context.cache   : Spring test ApplicationContext cache statistics: [DefaultContextCache@64508788 size = 2, maxSize = 32, parentContextCount = 0, hitCount = 69, missCount = 2, failureCount = 0]
2025-06-18T16:55:51.396+10:00 DEBUG 25328 --- [           main] o.s.t.web.servlet.TestDispatcherServlet  : POST "/api/contacts", parameters={}
2025-06-18T16:55:51.397+10:00 DEBUG 25328 --- [           main] s.w.s.m.m.a.RequestMappingHandlerMapping : Mapped to code.restful.addressbook.AddressBookController#createContact(ContactDetailsImpl)
2025-06-18T16:55:51.399+10:00 DEBUG 25328 --- [           main] m.m.a.RequestResponseBodyMethodProcessor : Read "application/json;charset=UTF-8" to [ContactDetailsImpl{id=null, firstName='John', lastName='Doe', email='john.doe@example.com', phoneNum (truncated)...]
2025-06-18T16:55:51.401+10:00 DEBUG 25328 --- [           main] o.s.w.s.m.m.a.HttpEntityMethodProcessor  : Using 'application/json', given [*/*] and supported [application/json, application/*+json]
2025-06-18T16:55:51.401+10:00 DEBUG 25328 --- [           main] o.s.w.s.m.m.a.HttpEntityMethodProcessor  : Writing [ContactDetailsImpl{id=1, firstName='John', lastName='Doe', email='john.doe@example.com', phoneNumber (truncated)...]
2025-06-18T16:55:51.401+10:00 DEBUG 25328 --- [           main] o.s.t.web.servlet.TestDispatcherServlet  : Completed 201 CREATED

MockHttpServletRequest:
      HTTP Method = POST
      Request URI = /api/contacts
       Parameters = {}
          Headers = [Content-Type:"application/json;charset=UTF-8", Content-Length:"119"]
             Body = {"firstName":"John","lastName":"Doe","phoneNumber":"1234567890","email":"john.doe@example.com","address":"123 Main St"}
    Session Attrs = {}

Handler:
             Type = code.restful.addressbook.AddressBookController
           Method = code.restful.addressbook.AddressBookController#createContact(ContactDetailsImpl)

Async:
    Async started = false
     Async result = null

Resolved Exception:
             Type = null

ModelAndView:
        View name = null
             View = null
            Model = null

FlashMap:
       Attributes = null

MockHttpServletResponse:
           Status = 201
    Error message = null
          Headers = [Content-Type:"application/json"]
     Content type = application/json
             Body = {"type":"ContactDetailsImpl","id":1,"firstName":"John","lastName":"Doe","email":"john.doe@example.com","phoneNumber":"1234567890","address":"123 Main St"}
    Forwarded URL = null
   Redirected URL = null
          Cookies = []
2025-06-18T16:55:51.408+10:00 DEBUG 25328 --- [           main] o.s.t.web.servlet.TestDispatcherServlet  : POST "/api/contacts", parameters={}
2025-06-18T16:55:51.409+10:00 DEBUG 25328 --- [           main] s.w.s.m.m.a.RequestMappingHandlerMapping : Mapped to code.restful.addressbook.AddressBookController#createContact(ContactDetailsImpl)
2025-06-18T16:55:51.410+10:00 DEBUG 25328 --- [           main] m.m.a.RequestResponseBodyMethodProcessor : Read "application/json;charset=UTF-8" to [ContactDetailsImpl{id=null, firstName='John', lastName='Doe', email='john.doe@example.com', phoneNum (truncated)...]
2025-06-18T16:55:51.412+10:00 DEBUG 25328 --- [           main] o.s.w.s.m.m.a.HttpEntityMethodProcessor  : Using 'application/json', given [*/*] and supported [application/json, application/*+json]
2025-06-18T16:55:51.412+10:00 DEBUG 25328 --- [           main] o.s.w.s.m.m.a.HttpEntityMethodProcessor  : Nothing to write: null body
2025-06-18T16:55:51.412+10:00 DEBUG 25328 --- [           main] o.s.t.web.servlet.TestDispatcherServlet  : Completed 409 CONFLICT

MockHttpServletRequest:
      HTTP Method = POST
      Request URI = /api/contacts
       Parameters = {}
          Headers = [Content-Type:"application/json;charset=UTF-8", Content-Length:"119"]
             Body = {"firstName":"John","lastName":"Doe","phoneNumber":"1234567890","email":"john.doe@example.com","address":"123 Main St"}
    Session Attrs = {}

Handler:
             Type = code.restful.addressbook.AddressBookController
           Method = code.restful.addressbook.AddressBookController#createContact(ContactDetailsImpl)

Async:
    Async started = false
     Async result = null

Resolved Exception:
             Type = null

ModelAndView:
        View name = null
             View = null
            Model = null

FlashMap:
       Attributes = null

MockHttpServletResponse:
           Status = 409
    Error message = null
          Headers = []
     Content type = null
             Body = 
    Forwarded URL = null
   Redirected URL = null
          Cookies = []
2025-06-18T16:55:51.417+10:00 DEBUG 25328 --- [           main] org.springframework.test.context.cache   : Spring test ApplicationContext cache statistics: [DefaultContextCache@64508788 size = 2, maxSize = 32, parentContextCount = 0, hitCount = 70, missCount = 2, failureCount = 0]
2025-06-18T16:55:51.417+10:00 DEBUG 25328 --- [           main] org.springframework.test.context.cache   : Spring test ApplicationContext cache statistics: [DefaultContextCache@64508788 size = 2, maxSize = 32, parentContextCount = 0, hitCount = 71, missCount = 2, failureCount = 0]
2025-06-18T16:55:51.417+10:00 DEBUG 25328 --- [           main] org.springframework.test.context.cache   : Spring test ApplicationContext cache statistics: [DefaultContextCache@64508788 size = 2, maxSize = 32, parentContextCount = 0, hitCount = 72, missCount = 2, failureCount = 0]
2025-06-18T16:55:51.417+10:00 DEBUG 25328 --- [           main] org.springframework.test.context.cache   : Spring test ApplicationContext cache statistics: [DefaultContextCache@64508788 size = 2, maxSize = 32, parentContextCount = 0, hitCount = 73, missCount = 2, failureCount = 0]
2025-06-18T16:55:51.417+10:00 DEBUG 25328 --- [           main] org.springframework.test.context.cache   : Spring test ApplicationContext cache statistics: [DefaultContextCache@64508788 size = 2, maxSize = 32, parentContextCount = 0, hitCount = 74, missCount = 2, failureCount = 0]
2025-06-18T16:55:51.417+10:00 DEBUG 25328 --- [           main] org.springframework.test.context.cache   : Spring test ApplicationContext cache statistics: [DefaultContextCache@64508788 size = 2, maxSize = 32, parentContextCount = 0, hitCount = 75, missCount = 2, failureCount = 0]
2025-06-18T16:55:51.417+10:00 DEBUG 25328 --- [           main] .c.s.DirtiesContextTestExecutionListener : After test method: class [MockServerTests], method [createContactTwice], class annotated with @DirtiesContext [false] with mode [null], method annotated with @DirtiesContext [false] with mode [null]
2025-06-18T16:55:51.417+10:00 DEBUG 25328 --- [           main] o.s.t.c.w.ServletTestExecutionListener   : Resetting RequestContextHolder for test class test.restful.addressbook.tests.MockServerTests
]]></system-out>
  </testcase>
  <testcase name="getAllContacts" classname="test.restful.addressbook.tests.MockServerTests" time="0.019">
    <system-out><![CDATA[2025-06-18T16:55:51.417+10:00 DEBUG 25328 --- [           main] org.springframework.test.context.cache   : Spring test ApplicationContext cache statistics: [DefaultContextCache@64508788 size = 2, maxSize = 32, parentContextCount = 0, hitCount = 76, missCount = 2, failureCount = 0]
2025-06-18T16:55:51.417+10:00 DEBUG 25328 --- [           main] o.s.t.c.w.ServletTestExecutionListener   : Setting up MockHttpServletRequest, MockHttpServletResponse, ServletWebRequest, and RequestContextHolder for test class test.restful.addressbook.tests.MockServerTests
2025-06-18T16:55:51.417+10:00 DEBUG 25328 --- [           main] DependencyInjectionTestExecutionListener : Performing dependency injection for test class test.restful.addressbook.tests.MockServerTests
2025-06-18T16:55:51.422+10:00 DEBUG 25328 --- [           main] org.springframework.test.context.cache   : Spring test ApplicationContext cache statistics: [DefaultContextCache@64508788 size = 2, maxSize = 32, parentContextCount = 0, hitCount = 77, missCount = 2, failureCount = 0]
2025-06-18T16:55:51.423+10:00 DEBUG 25328 --- [           main] org.springframework.test.context.cache   : Spring test ApplicationContext cache statistics: [DefaultContextCache@64508788 size = 2, maxSize = 32, parentContextCount = 0, hitCount = 78, missCount = 2, failureCount = 0]
2025-06-18T16:55:51.427+10:00 DEBUG 25328 --- [           main] sContextBeforeModesTestExecutionListener : Before test method: class [MockServerTests], method [getAllContacts], class annotated with @DirtiesContext [false] with mode [null], method annotated with @DirtiesContext [false] with mode [null]
2025-06-18T16:55:51.427+10:00 DEBUG 25328 --- [           main] org.springframework.test.context.cache   : Spring test ApplicationContext cache statistics: [DefaultContextCache@64508788 size = 2, maxSize = 32, parentContextCount = 0, hitCount = 79, missCount = 2, failureCount = 0]
2025-06-18T16:55:51.427+10:00 DEBUG 25328 --- [           main] org.springframework.test.context.cache   : Spring test ApplicationContext cache statistics: [DefaultContextCache@64508788 size = 2, maxSize = 32, parentContextCount = 0, hitCount = 80, missCount = 2, failureCount = 0]
2025-06-18T16:55:51.427+10:00 DEBUG 25328 --- [           main] org.springframework.test.context.cache   : Spring test ApplicationContext cache statistics: [DefaultContextCache@64508788 size = 2, maxSize = 32, parentContextCount = 0, hitCount = 81, missCount = 2, failureCount = 0]
2025-06-18T16:55:51.427+10:00 DEBUG 25328 --- [           main] o.s.t.web.servlet.TestDispatcherServlet  : GET "/api/contacts", parameters={}
2025-06-18T16:55:51.427+10:00 DEBUG 25328 --- [           main] s.w.s.m.m.a.RequestMappingHandlerMapping : Mapped to code.restful.addressbook.AddressBookController#getContacts(Optional, Optional, Optional)
2025-06-18T16:55:51.439+10:00 DEBUG 25328 --- [           main] o.s.w.s.m.m.a.HttpEntityMethodProcessor  : Using 'application/json', given [*/*] and supported [application/json, application/*+json]
2025-06-18T16:55:51.439+10:00 DEBUG 25328 --- [           main] o.s.w.s.m.m.a.HttpEntityMethodProcessor  : Writing [[ContactDetailsImpl{id=1, firstName='Contact', lastName='ONE', email='null', phoneNumber='+61426-555 (truncated)...]
2025-06-18T16:55:51.443+10:00 DEBUG 25328 --- [           main] o.s.t.web.servlet.TestDispatcherServlet  : Completed 200 OK

MockHttpServletRequest:
      HTTP Method = GET
      Request URI = /api/contacts
       Parameters = {}
          Headers = []
             Body = null
    Session Attrs = {}

Handler:
             Type = code.restful.addressbook.AddressBookController
           Method = code.restful.addressbook.AddressBookController#getContacts(Optional, Optional, Optional)

Async:
    Async started = false
     Async result = null

Resolved Exception:
             Type = null

ModelAndView:
        View name = null
             View = null
            Model = null

FlashMap:
       Attributes = null

MockHttpServletResponse:
           Status = 200
    Error message = null
          Headers = [Content-Type:"application/json"]
     Content type = application/json
             Body = [{"id":1,"firstName":"Contact","lastName":"ONE","email":null,"phoneNumber":"+61426-555-251","address":null},{"id":2,"firstName":"Contact","lastName":"TWO","email":null,"phoneNumber":"+61-426-555-252","address":null},{"id":3,"firstName":"Contact","lastName":"THREE","email":null,"phoneNumber":"+61-426-555-253","address":null}]
    Forwarded URL = null
   Redirected URL = null
          Cookies = []
2025-06-18T16:55:51.443+10:00 DEBUG 25328 --- [           main] org.springframework.test.context.cache   : Spring test ApplicationContext cache statistics: [DefaultContextCache@64508788 size = 2, maxSize = 32, parentContextCount = 0, hitCount = 82, missCount = 2, failureCount = 0]
2025-06-18T16:55:51.443+10:00 DEBUG 25328 --- [           main] org.springframework.test.context.cache   : Spring test ApplicationContext cache statistics: [DefaultContextCache@64508788 size = 2, maxSize = 32, parentContextCount = 0, hitCount = 83, missCount = 2, failureCount = 0]
2025-06-18T16:55:51.443+10:00 DEBUG 25328 --- [           main] org.springframework.test.context.cache   : Spring test ApplicationContext cache statistics: [DefaultContextCache@64508788 size = 2, maxSize = 32, parentContextCount = 0, hitCount = 84, missCount = 2, failureCount = 0]
2025-06-18T16:55:51.443+10:00 DEBUG 25328 --- [           main] org.springframework.test.context.cache   : Spring test ApplicationContext cache statistics: [DefaultContextCache@64508788 size = 2, maxSize = 32, parentContextCount = 0, hitCount = 85, missCount = 2, failureCount = 0]
2025-06-18T16:55:51.443+10:00 DEBUG 25328 --- [           main] org.springframework.test.context.cache   : Spring test ApplicationContext cache statistics: [DefaultContextCache@64508788 size = 2, maxSize = 32, parentContextCount = 0, hitCount = 86, missCount = 2, failureCount = 0]
2025-06-18T16:55:51.443+10:00 DEBUG 25328 --- [           main] org.springframework.test.context.cache   : Spring test ApplicationContext cache statistics: [DefaultContextCache@64508788 size = 2, maxSize = 32, parentContextCount = 0, hitCount = 87, missCount = 2, failureCount = 0]
2025-06-18T16:55:51.443+10:00 DEBUG 25328 --- [           main] .c.s.DirtiesContextTestExecutionListener : After test method: class [MockServerTests], method [getAllContacts], class annotated with @DirtiesContext [false] with mode [null], method annotated with @DirtiesContext [false] with mode [null]
2025-06-18T16:55:51.443+10:00 DEBUG 25328 --- [           main] o.s.t.c.w.ServletTestExecutionListener   : Resetting RequestContextHolder for test class test.restful.addressbook.tests.MockServerTests
]]></system-out>
  </testcase>
  <testcase name="findContactsByNotExistingFirstName" classname="test.restful.addressbook.tests.MockServerTests" time="0.019">
    <system-out><![CDATA[2025-06-18T16:55:51.443+10:00 DEBUG 25328 --- [           main] org.springframework.test.context.cache   : Spring test ApplicationContext cache statistics: [DefaultContextCache@64508788 size = 2, maxSize = 32, parentContextCount = 0, hitCount = 88, missCount = 2, failureCount = 0]
2025-06-18T16:55:51.443+10:00 DEBUG 25328 --- [           main] o.s.t.c.w.ServletTestExecutionListener   : Setting up MockHttpServletRequest, MockHttpServletResponse, ServletWebRequest, and RequestContextHolder for test class test.restful.addressbook.tests.MockServerTests
2025-06-18T16:55:51.443+10:00 DEBUG 25328 --- [           main] DependencyInjectionTestExecutionListener : Performing dependency injection for test class test.restful.addressbook.tests.MockServerTests
2025-06-18T16:55:51.443+10:00 DEBUG 25328 --- [           main] org.springframework.test.context.cache   : Spring test ApplicationContext cache statistics: [DefaultContextCache@64508788 size = 2, maxSize = 32, parentContextCount = 0, hitCount = 89, missCount = 2, failureCount = 0]
2025-06-18T16:55:51.455+10:00 DEBUG 25328 --- [           main] org.springframework.test.context.cache   : Spring test ApplicationContext cache statistics: [DefaultContextCache@64508788 size = 2, maxSize = 32, parentContextCount = 0, hitCount = 90, missCount = 2, failureCount = 0]
2025-06-18T16:55:51.459+10:00 DEBUG 25328 --- [           main] sContextBeforeModesTestExecutionListener : Before test method: class [MockServerTests], method [findContactsByNotExistingFirstName], class annotated with @DirtiesContext [false] with mode [null], method annotated with @DirtiesContext [false] with mode [null]
2025-06-18T16:55:51.459+10:00 DEBUG 25328 --- [           main] org.springframework.test.context.cache   : Spring test ApplicationContext cache statistics: [DefaultContextCache@64508788 size = 2, maxSize = 32, parentContextCount = 0, hitCount = 91, missCount = 2, failureCount = 0]
2025-06-18T16:55:51.460+10:00 DEBUG 25328 --- [           main] org.springframework.test.context.cache   : Spring test ApplicationContext cache statistics: [DefaultContextCache@64508788 size = 2, maxSize = 32, parentContextCount = 0, hitCount = 92, missCount = 2, failureCount = 0]
2025-06-18T16:55:51.461+10:00 DEBUG 25328 --- [           main] org.springframework.test.context.cache   : Spring test ApplicationContext cache statistics: [DefaultContextCache@64508788 size = 2, maxSize = 32, parentContextCount = 0, hitCount = 93, missCount = 2, failureCount = 0]
2025-06-18T16:55:51.461+10:00 DEBUG 25328 --- [           main] o.s.t.web.servlet.TestDispatcherServlet  : GET "/api/contacts", parameters={masked}
2025-06-18T16:55:51.461+10:00 DEBUG 25328 --- [           main] s.w.s.m.m.a.RequestMappingHandlerMapping : Mapped to code.restful.addressbook.AddressBookController#getContacts(Optional, Optional, Optional)
2025-06-18T16:55:51.461+10:00 DEBUG 25328 --- [           main] o.s.w.s.m.m.a.HttpEntityMethodProcessor  : Using 'application/json', given [*/*] and supported [application/json, application/*+json]
2025-06-18T16:55:51.461+10:00 DEBUG 25328 --- [           main] o.s.w.s.m.m.a.HttpEntityMethodProcessor  : Writing [[]]
2025-06-18T16:55:51.461+10:00 DEBUG 25328 --- [           main] o.s.t.web.servlet.TestDispatcherServlet  : Completed 200 OK

MockHttpServletRequest:
      HTTP Method = GET
      Request URI = /api/contacts
       Parameters = {firstName=[asdfghjkqwertqewtqadfafdlkhouwe]}
          Headers = []
             Body = null
    Session Attrs = {}

Handler:
             Type = code.restful.addressbook.AddressBookController
           Method = code.restful.addressbook.AddressBookController#getContacts(Optional, Optional, Optional)

Async:
    Async started = false
     Async result = null

Resolved Exception:
             Type = null

ModelAndView:
        View name = null
             View = null
            Model = null

FlashMap:
       Attributes = null

MockHttpServletResponse:
           Status = 200
    Error message = null
          Headers = [Content-Type:"application/json"]
     Content type = application/json
             Body = []
    Forwarded URL = null
   Redirected URL = null
          Cookies = []
2025-06-18T16:55:51.473+10:00 DEBUG 25328 --- [           main] org.springframework.test.context.cache   : Spring test ApplicationContext cache statistics: [DefaultContextCache@64508788 size = 2, maxSize = 32, parentContextCount = 0, hitCount = 94, missCount = 2, failureCount = 0]
2025-06-18T16:55:51.474+10:00 DEBUG 25328 --- [           main] org.springframework.test.context.cache   : Spring test ApplicationContext cache statistics: [DefaultContextCache@64508788 size = 2, maxSize = 32, parentContextCount = 0, hitCount = 95, missCount = 2, failureCount = 0]
2025-06-18T16:55:51.474+10:00 DEBUG 25328 --- [           main] org.springframework.test.context.cache   : Spring test ApplicationContext cache statistics: [DefaultContextCache@64508788 size = 2, maxSize = 32, parentContextCount = 0, hitCount = 96, missCount = 2, failureCount = 0]
2025-06-18T16:55:51.474+10:00 DEBUG 25328 --- [           main] org.springframework.test.context.cache   : Spring test ApplicationContext cache statistics: [DefaultContextCache@64508788 size = 2, maxSize = 32, parentContextCount = 0, hitCount = 97, missCount = 2, failureCount = 0]
2025-06-18T16:55:51.475+10:00 DEBUG 25328 --- [           main] org.springframework.test.context.cache   : Spring test ApplicationContext cache statistics: [DefaultContextCache@64508788 size = 2, maxSize = 32, parentContextCount = 0, hitCount = 98, missCount = 2, failureCount = 0]
2025-06-18T16:55:51.476+10:00 DEBUG 25328 --- [           main] org.springframework.test.context.cache   : Spring test ApplicationContext cache statistics: [DefaultContextCache@64508788 size = 2, maxSize = 32, parentContextCount = 0, hitCount = 99, missCount = 2, failureCount = 0]
2025-06-18T16:55:51.476+10:00 DEBUG 25328 --- [           main] .c.s.DirtiesContextTestExecutionListener : After test method: class [MockServerTests], method [findContactsByNotExistingFirstName], class annotated with @DirtiesContext [false] with mode [null], method annotated with @DirtiesContext [false] with mode [null]
2025-06-18T16:55:51.476+10:00 DEBUG 25328 --- [           main] o.s.t.c.w.ServletTestExecutionListener   : Resetting RequestContextHolder for test class test.restful.addressbook.tests.MockServerTests
]]></system-out>
  </testcase>
  <testcase name="findContactsByFirstName" classname="test.restful.addressbook.tests.MockServerTests" time="0.014">
    <system-out><![CDATA[2025-06-18T16:55:51.478+10:00 DEBUG 25328 --- [           main] org.springframework.test.context.cache   : Spring test ApplicationContext cache statistics: [DefaultContextCache@64508788 size = 2, maxSize = 32, parentContextCount = 0, hitCount = 100, missCount = 2, failureCount = 0]
2025-06-18T16:55:51.478+10:00 DEBUG 25328 --- [           main] o.s.t.c.w.ServletTestExecutionListener   : Setting up MockHttpServletRequest, MockHttpServletResponse, ServletWebRequest, and RequestContextHolder for test class test.restful.addressbook.tests.MockServerTests
2025-06-18T16:55:51.478+10:00 DEBUG 25328 --- [           main] DependencyInjectionTestExecutionListener : Performing dependency injection for test class test.restful.addressbook.tests.MockServerTests
2025-06-18T16:55:51.478+10:00 DEBUG 25328 --- [           main] org.springframework.test.context.cache   : Spring test ApplicationContext cache statistics: [DefaultContextCache@64508788 size = 2, maxSize = 32, parentContextCount = 0, hitCount = 101, missCount = 2, failureCount = 0]
2025-06-18T16:55:51.480+10:00 DEBUG 25328 --- [           main] org.springframework.test.context.cache   : Spring test ApplicationContext cache statistics: [DefaultContextCache@64508788 size = 2, maxSize = 32, parentContextCount = 0, hitCount = 102, missCount = 2, failureCount = 0]
2025-06-18T16:55:51.484+10:00 DEBUG 25328 --- [           main] sContextBeforeModesTestExecutionListener : Before test method: class [MockServerTests], method [findContactsByFirstName], class annotated with @DirtiesContext [false] with mode [null], method annotated with @DirtiesContext [false] with mode [null]
2025-06-18T16:55:51.484+10:00 DEBUG 25328 --- [           main] org.springframework.test.context.cache   : Spring test ApplicationContext cache statistics: [DefaultContextCache@64508788 size = 2, maxSize = 32, parentContextCount = 0, hitCount = 103, missCount = 2, failureCount = 0]
2025-06-18T16:55:51.484+10:00 DEBUG 25328 --- [           main] org.springframework.test.context.cache   : Spring test ApplicationContext cache statistics: [DefaultContextCache@64508788 size = 2, maxSize = 32, parentContextCount = 0, hitCount = 104, missCount = 2, failureCount = 0]
2025-06-18T16:55:51.486+10:00 DEBUG 25328 --- [           main] org.springframework.test.context.cache   : Spring test ApplicationContext cache statistics: [DefaultContextCache@64508788 size = 2, maxSize = 32, parentContextCount = 0, hitCount = 105, missCount = 2, failureCount = 0]
2025-06-18T16:55:51.489+10:00 DEBUG 25328 --- [           main] o.s.t.web.servlet.TestDispatcherServlet  : GET "/api/contacts", parameters={masked}
2025-06-18T16:55:51.490+10:00 DEBUG 25328 --- [           main] s.w.s.m.m.a.RequestMappingHandlerMapping : Mapped to code.restful.addressbook.AddressBookController#getContacts(Optional, Optional, Optional)
2025-06-18T16:55:51.492+10:00 DEBUG 25328 --- [           main] o.s.w.s.m.m.a.HttpEntityMethodProcessor  : Using 'application/json', given [*/*] and supported [application/json, application/*+json]
2025-06-18T16:55:51.492+10:00 DEBUG 25328 --- [           main] o.s.w.s.m.m.a.HttpEntityMethodProcessor  : Writing [[ContactDetailsImpl{id=1, firstName='Contact', lastName='ONE', email='null', phoneNumber='+61426-555 (truncated)...]
2025-06-18T16:55:51.492+10:00 DEBUG 25328 --- [           main] o.s.t.web.servlet.TestDispatcherServlet  : Completed 200 OK

MockHttpServletRequest:
      HTTP Method = GET
      Request URI = /api/contacts
       Parameters = {firstName=[Contact]}
          Headers = []
             Body = null
    Session Attrs = {}

Handler:
             Type = code.restful.addressbook.AddressBookController
           Method = code.restful.addressbook.AddressBookController#getContacts(Optional, Optional, Optional)

Async:
    Async started = false
     Async result = null

Resolved Exception:
             Type = null

ModelAndView:
        View name = null
             View = null
            Model = null

FlashMap:
       Attributes = null

MockHttpServletResponse:
           Status = 200
    Error message = null
          Headers = [Content-Type:"application/json"]
     Content type = application/json
             Body = [{"id":1,"firstName":"Contact","lastName":"ONE","email":null,"phoneNumber":"+61426-555-251","address":null},{"id":2,"firstName":"Contact","lastName":"TWO","email":null,"phoneNumber":"+61-426-555-252","address":null},{"id":3,"firstName":"Contact","lastName":"THREE","email":null,"phoneNumber":"+61-426-555-253","address":null}]
    Forwarded URL = null
   Redirected URL = null
          Cookies = []
2025-06-18T16:55:51.496+10:00 DEBUG 25328 --- [           main] org.springframework.test.context.cache   : Spring test ApplicationContext cache statistics: [DefaultContextCache@64508788 size = 2, maxSize = 32, parentContextCount = 0, hitCount = 106, missCount = 2, failureCount = 0]
2025-06-18T16:55:51.496+10:00 DEBUG 25328 --- [           main] org.springframework.test.context.cache   : Spring test ApplicationContext cache statistics: [DefaultContextCache@64508788 size = 2, maxSize = 32, parentContextCount = 0, hitCount = 107, missCount = 2, failureCount = 0]
2025-06-18T16:55:51.496+10:00 DEBUG 25328 --- [           main] org.springframework.test.context.cache   : Spring test ApplicationContext cache statistics: [DefaultContextCache@64508788 size = 2, maxSize = 32, parentContextCount = 0, hitCount = 108, missCount = 2, failureCount = 0]
2025-06-18T16:55:51.496+10:00 DEBUG 25328 --- [           main] org.springframework.test.context.cache   : Spring test ApplicationContext cache statistics: [DefaultContextCache@64508788 size = 2, maxSize = 32, parentContextCount = 0, hitCount = 109, missCount = 2, failureCount = 0]
2025-06-18T16:55:51.496+10:00 DEBUG 25328 --- [           main] org.springframework.test.context.cache   : Spring test ApplicationContext cache statistics: [DefaultContextCache@64508788 size = 2, maxSize = 32, parentContextCount = 0, hitCount = 110, missCount = 2, failureCount = 0]
2025-06-18T16:55:51.496+10:00 DEBUG 25328 --- [           main] org.springframework.test.context.cache   : Spring test ApplicationContext cache statistics: [DefaultContextCache@64508788 size = 2, maxSize = 32, parentContextCount = 0, hitCount = 111, missCount = 2, failureCount = 0]
2025-06-18T16:55:51.496+10:00 DEBUG 25328 --- [           main] .c.s.DirtiesContextTestExecutionListener : After test method: class [MockServerTests], method [findContactsByFirstName], class annotated with @DirtiesContext [false] with mode [null], method annotated with @DirtiesContext [false] with mode [null]
2025-06-18T16:55:51.496+10:00 DEBUG 25328 --- [           main] o.s.t.c.w.ServletTestExecutionListener   : Resetting RequestContextHolder for test class test.restful.addressbook.tests.MockServerTests
]]></system-out>
  </testcase>
  <testcase name="findNotExistingContactById" classname="test.restful.addressbook.tests.MockServerTests" time="0.02">
    <system-out><![CDATA[2025-06-18T16:55:51.496+10:00 DEBUG 25328 --- [           main] org.springframework.test.context.cache   : Spring test ApplicationContext cache statistics: [DefaultContextCache@64508788 size = 2, maxSize = 32, parentContextCount = 0, hitCount = 112, missCount = 2, failureCount = 0]
2025-06-18T16:55:51.496+10:00 DEBUG 25328 --- [           main] o.s.t.c.w.ServletTestExecutionListener   : Setting up MockHttpServletRequest, MockHttpServletResponse, ServletWebRequest, and RequestContextHolder for test class test.restful.addressbook.tests.MockServerTests
2025-06-18T16:55:51.496+10:00 DEBUG 25328 --- [           main] DependencyInjectionTestExecutionListener : Performing dependency injection for test class test.restful.addressbook.tests.MockServerTests
2025-06-18T16:55:51.496+10:00 DEBUG 25328 --- [           main] org.springframework.test.context.cache   : Spring test ApplicationContext cache statistics: [DefaultContextCache@64508788 size = 2, maxSize = 32, parentContextCount = 0, hitCount = 113, missCount = 2, failureCount = 0]
2025-06-18T16:55:51.496+10:00 DEBUG 25328 --- [           main] org.springframework.test.context.cache   : Spring test ApplicationContext cache statistics: [DefaultContextCache@64508788 size = 2, maxSize = 32, parentContextCount = 0, hitCount = 114, missCount = 2, failureCount = 0]
2025-06-18T16:55:51.496+10:00 DEBUG 25328 --- [           main] sContextBeforeModesTestExecutionListener : Before test method: class [MockServerTests], method [findNotExistingContactById], class annotated with @DirtiesContext [false] with mode [null], method annotated with @DirtiesContext [false] with mode [null]
2025-06-18T16:55:51.496+10:00 DEBUG 25328 --- [           main] org.springframework.test.context.cache   : Spring test ApplicationContext cache statistics: [DefaultContextCache@64508788 size = 2, maxSize = 32, parentContextCount = 0, hitCount = 115, missCount = 2, failureCount = 0]
2025-06-18T16:55:51.496+10:00 DEBUG 25328 --- [           main] org.springframework.test.context.cache   : Spring test ApplicationContext cache statistics: [DefaultContextCache@64508788 size = 2, maxSize = 32, parentContextCount = 0, hitCount = 116, missCount = 2, failureCount = 0]
2025-06-18T16:55:51.504+10:00 DEBUG 25328 --- [           main] org.springframework.test.context.cache   : Spring test ApplicationContext cache statistics: [DefaultContextCache@64508788 size = 2, maxSize = 32, parentContextCount = 0, hitCount = 117, missCount = 2, failureCount = 0]
2025-06-18T16:55:51.506+10:00 DEBUG 25328 --- [           main] o.s.t.web.servlet.TestDispatcherServlet  : GET "/api/contacts/4", parameters={}
2025-06-18T16:55:51.510+10:00 DEBUG 25328 --- [           main] s.w.s.m.m.a.RequestMappingHandlerMapping : Mapped to code.restful.addressbook.AddressBookController#getContactById(Long)
2025-06-18T16:55:51.514+10:00 DEBUG 25328 --- [           main] o.s.w.s.m.m.a.HttpEntityMethodProcessor  : Using 'application/json', given [*/*] and supported [application/json, application/*+json]
2025-06-18T16:55:51.514+10:00 DEBUG 25328 --- [           main] o.s.w.s.m.m.a.HttpEntityMethodProcessor  : Nothing to write: null body
2025-06-18T16:55:51.514+10:00 DEBUG 25328 --- [           main] o.s.t.web.servlet.TestDispatcherServlet  : Completed 404 NOT_FOUND

MockHttpServletRequest:
      HTTP Method = GET
      Request URI = /api/contacts/4
       Parameters = {}
          Headers = []
             Body = null
    Session Attrs = {}

Handler:
             Type = code.restful.addressbook.AddressBookController
           Method = code.restful.addressbook.AddressBookController#getContactById(Long)

Async:
    Async started = false
     Async result = null

Resolved Exception:
             Type = null

ModelAndView:
        View name = null
             View = null
            Model = null

FlashMap:
       Attributes = null

MockHttpServletResponse:
           Status = 404
    Error message = null
          Headers = []
     Content type = null
             Body = 
    Forwarded URL = null
   Redirected URL = null
          Cookies = []
2025-06-18T16:55:51.516+10:00 DEBUG 25328 --- [           main] org.springframework.test.context.cache   : Spring test ApplicationContext cache statistics: [DefaultContextCache@64508788 size = 2, maxSize = 32, parentContextCount = 0, hitCount = 118, missCount = 2, failureCount = 0]
2025-06-18T16:55:51.516+10:00 DEBUG 25328 --- [           main] org.springframework.test.context.cache   : Spring test ApplicationContext cache statistics: [DefaultContextCache@64508788 size = 2, maxSize = 32, parentContextCount = 0, hitCount = 119, missCount = 2, failureCount = 0]
2025-06-18T16:55:51.516+10:00 DEBUG 25328 --- [           main] org.springframework.test.context.cache   : Spring test ApplicationContext cache statistics: [DefaultContextCache@64508788 size = 2, maxSize = 32, parentContextCount = 0, hitCount = 120, missCount = 2, failureCount = 0]
2025-06-18T16:55:51.516+10:00 DEBUG 25328 --- [           main] org.springframework.test.context.cache   : Spring test ApplicationContext cache statistics: [DefaultContextCache@64508788 size = 2, maxSize = 32, parentContextCount = 0, hitCount = 121, missCount = 2, failureCount = 0]
2025-06-18T16:55:51.516+10:00 DEBUG 25328 --- [           main] org.springframework.test.context.cache   : Spring test ApplicationContext cache statistics: [DefaultContextCache@64508788 size = 2, maxSize = 32, parentContextCount = 0, hitCount = 122, missCount = 2, failureCount = 0]
2025-06-18T16:55:51.516+10:00 DEBUG 25328 --- [           main] org.springframework.test.context.cache   : Spring test ApplicationContext cache statistics: [DefaultContextCache@64508788 size = 2, maxSize = 32, parentContextCount = 0, hitCount = 123, missCount = 2, failureCount = 0]
2025-06-18T16:55:51.516+10:00 DEBUG 25328 --- [           main] .c.s.DirtiesContextTestExecutionListener : After test method: class [MockServerTests], method [findNotExistingContactById], class annotated with @DirtiesContext [false] with mode [null], method annotated with @DirtiesContext [false] with mode [null]
2025-06-18T16:55:51.516+10:00 DEBUG 25328 --- [           main] o.s.t.c.w.ServletTestExecutionListener   : Resetting RequestContextHolder for test class test.restful.addressbook.tests.MockServerTests
]]></system-out>
  </testcase>
  <testcase name="findContactsByPhone" classname="test.restful.addressbook.tests.MockServerTests" time="0.018">
    <system-out><![CDATA[2025-06-18T16:55:51.516+10:00 DEBUG 25328 --- [           main] org.springframework.test.context.cache   : Spring test ApplicationContext cache statistics: [DefaultContextCache@64508788 size = 2, maxSize = 32, parentContextCount = 0, hitCount = 124, missCount = 2, failureCount = 0]
2025-06-18T16:55:51.516+10:00 DEBUG 25328 --- [           main] o.s.t.c.w.ServletTestExecutionListener   : Setting up MockHttpServletRequest, MockHttpServletResponse, ServletWebRequest, and RequestContextHolder for test class test.restful.addressbook.tests.MockServerTests
2025-06-18T16:55:51.520+10:00 DEBUG 25328 --- [           main] DependencyInjectionTestExecutionListener : Performing dependency injection for test class test.restful.addressbook.tests.MockServerTests
2025-06-18T16:55:51.520+10:00 DEBUG 25328 --- [           main] org.springframework.test.context.cache   : Spring test ApplicationContext cache statistics: [DefaultContextCache@64508788 size = 2, maxSize = 32, parentContextCount = 0, hitCount = 125, missCount = 2, failureCount = 0]
2025-06-18T16:55:51.520+10:00 DEBUG 25328 --- [           main] org.springframework.test.context.cache   : Spring test ApplicationContext cache statistics: [DefaultContextCache@64508788 size = 2, maxSize = 32, parentContextCount = 0, hitCount = 126, missCount = 2, failureCount = 0]
2025-06-18T16:55:51.527+10:00 DEBUG 25328 --- [           main] sContextBeforeModesTestExecutionListener : Before test method: class [MockServerTests], method [findContactsByPhone], class annotated with @DirtiesContext [false] with mode [null], method annotated with @DirtiesContext [false] with mode [null]
2025-06-18T16:55:51.529+10:00 DEBUG 25328 --- [           main] org.springframework.test.context.cache   : Spring test ApplicationContext cache statistics: [DefaultContextCache@64508788 size = 2, maxSize = 32, parentContextCount = 0, hitCount = 127, missCount = 2, failureCount = 0]
2025-06-18T16:55:51.531+10:00 DEBUG 25328 --- [           main] org.springframework.test.context.cache   : Spring test ApplicationContext cache statistics: [DefaultContextCache@64508788 size = 2, maxSize = 32, parentContextCount = 0, hitCount = 128, missCount = 2, failureCount = 0]
2025-06-18T16:55:51.531+10:00 DEBUG 25328 --- [           main] org.springframework.test.context.cache   : Spring test ApplicationContext cache statistics: [DefaultContextCache@64508788 size = 2, maxSize = 32, parentContextCount = 0, hitCount = 129, missCount = 2, failureCount = 0]
2025-06-18T16:55:51.531+10:00 DEBUG 25328 --- [           main] o.s.t.web.servlet.TestDispatcherServlet  : GET "/api/contacts", parameters={masked}
2025-06-18T16:55:51.531+10:00 DEBUG 25328 --- [           main] s.w.s.m.m.a.RequestMappingHandlerMapping : Mapped to code.restful.addressbook.AddressBookController#getContacts(Optional, Optional, Optional)
2025-06-18T16:55:51.531+10:00 DEBUG 25328 --- [           main] o.s.w.s.m.m.a.HttpEntityMethodProcessor  : Using 'application/json', given [*/*] and supported [application/json, application/*+json]
2025-06-18T16:55:51.531+10:00 DEBUG 25328 --- [           main] o.s.w.s.m.m.a.HttpEntityMethodProcessor  : Writing [[ContactDetailsImpl{id=1, firstName='Contact', lastName='ONE', email='null', phoneNumber='+61426-555 (truncated)...]
2025-06-18T16:55:51.531+10:00 DEBUG 25328 --- [           main] o.s.t.web.servlet.TestDispatcherServlet  : Completed 200 OK

MockHttpServletRequest:
      HTTP Method = GET
      Request URI = /api/contacts
       Parameters = {phoneNumber=[+61426-555-251]}
          Headers = []
             Body = null
    Session Attrs = {}

Handler:
             Type = code.restful.addressbook.AddressBookController
           Method = code.restful.addressbook.AddressBookController#getContacts(Optional, Optional, Optional)

Async:
    Async started = false
     Async result = null

Resolved Exception:
             Type = null

ModelAndView:
        View name = null
             View = null
            Model = null

FlashMap:
       Attributes = null

MockHttpServletResponse:
           Status = 200
    Error message = null
          Headers = [Content-Type:"application/json"]
     Content type = application/json
             Body = [{"id":1,"firstName":"Contact","lastName":"ONE","email":null,"phoneNumber":"+61426-555-251","address":null}]
    Forwarded URL = null
   Redirected URL = null
          Cookies = []
2025-06-18T16:55:51.539+10:00 DEBUG 25328 --- [           main] org.springframework.test.context.cache   : Spring test ApplicationContext cache statistics: [DefaultContextCache@64508788 size = 2, maxSize = 32, parentContextCount = 0, hitCount = 130, missCount = 2, failureCount = 0]
2025-06-18T16:55:51.540+10:00 DEBUG 25328 --- [           main] org.springframework.test.context.cache   : Spring test ApplicationContext cache statistics: [DefaultContextCache@64508788 size = 2, maxSize = 32, parentContextCount = 0, hitCount = 131, missCount = 2, failureCount = 0]
2025-06-18T16:55:51.540+10:00 DEBUG 25328 --- [           main] org.springframework.test.context.cache   : Spring test ApplicationContext cache statistics: [DefaultContextCache@64508788 size = 2, maxSize = 32, parentContextCount = 0, hitCount = 132, missCount = 2, failureCount = 0]
2025-06-18T16:55:51.540+10:00 DEBUG 25328 --- [           main] org.springframework.test.context.cache   : Spring test ApplicationContext cache statistics: [DefaultContextCache@64508788 size = 2, maxSize = 32, parentContextCount = 0, hitCount = 133, missCount = 2, failureCount = 0]
2025-06-18T16:55:51.540+10:00 DEBUG 25328 --- [           main] org.springframework.test.context.cache   : Spring test ApplicationContext cache statistics: [DefaultContextCache@64508788 size = 2, maxSize = 32, parentContextCount = 0, hitCount = 134, missCount = 2, failureCount = 0]
2025-06-18T16:55:51.541+10:00 DEBUG 25328 --- [           main] org.springframework.test.context.cache   : Spring test ApplicationContext cache statistics: [DefaultContextCache@64508788 size = 2, maxSize = 32, parentContextCount = 0, hitCount = 135, missCount = 2, failureCount = 0]
2025-06-18T16:55:51.541+10:00 DEBUG 25328 --- [           main] .c.s.DirtiesContextTestExecutionListener : After test method: class [MockServerTests], method [findContactsByPhone], class annotated with @DirtiesContext [false] with mode [null], method annotated with @DirtiesContext [false] with mode [null]
2025-06-18T16:55:51.541+10:00 DEBUG 25328 --- [           main] o.s.t.c.w.ServletTestExecutionListener   : Resetting RequestContextHolder for test class test.restful.addressbook.tests.MockServerTests
]]></system-out>
  </testcase>
  <testcase name="findcontactDetailsInfoByFirstAndLastName" classname="test.restful.addressbook.tests.MockServerTests" time="0.013">
    <system-out><![CDATA[2025-06-18T16:55:51.542+10:00 DEBUG 25328 --- [           main] org.springframework.test.context.cache   : Spring test ApplicationContext cache statistics: [DefaultContextCache@64508788 size = 2, maxSize = 32, parentContextCount = 0, hitCount = 136, missCount = 2, failureCount = 0]
2025-06-18T16:55:51.543+10:00 DEBUG 25328 --- [           main] o.s.t.c.w.ServletTestExecutionListener   : Setting up MockHttpServletRequest, MockHttpServletResponse, ServletWebRequest, and RequestContextHolder for test class test.restful.addressbook.tests.MockServerTests
2025-06-18T16:55:51.543+10:00 DEBUG 25328 --- [           main] DependencyInjectionTestExecutionListener : Performing dependency injection for test class test.restful.addressbook.tests.MockServerTests
2025-06-18T16:55:51.544+10:00 DEBUG 25328 --- [           main] org.springframework.test.context.cache   : Spring test ApplicationContext cache statistics: [DefaultContextCache@64508788 size = 2, maxSize = 32, parentContextCount = 0, hitCount = 137, missCount = 2, failureCount = 0]
2025-06-18T16:55:51.544+10:00 DEBUG 25328 --- [           main] org.springframework.test.context.cache   : Spring test ApplicationContext cache statistics: [DefaultContextCache@64508788 size = 2, maxSize = 32, parentContextCount = 0, hitCount = 138, missCount = 2, failureCount = 0]
2025-06-18T16:55:51.549+10:00 DEBUG 25328 --- [           main] sContextBeforeModesTestExecutionListener : Before test method: class [MockServerTests], method [findcontactDetailsInfoByFirstAndLastName], class annotated with @DirtiesContext [false] with mode [null], method annotated with @DirtiesContext [false] with mode [null]
2025-06-18T16:55:51.549+10:00 DEBUG 25328 --- [           main] org.springframework.test.context.cache   : Spring test ApplicationContext cache statistics: [DefaultContextCache@64508788 size = 2, maxSize = 32, parentContextCount = 0, hitCount = 139, missCount = 2, failureCount = 0]
2025-06-18T16:55:51.549+10:00 DEBUG 25328 --- [           main] org.springframework.test.context.cache   : Spring test ApplicationContext cache statistics: [DefaultContextCache@64508788 size = 2, maxSize = 32, parentContextCount = 0, hitCount = 140, missCount = 2, failureCount = 0]
2025-06-18T16:55:51.551+10:00 DEBUG 25328 --- [           main] org.springframework.test.context.cache   : Spring test ApplicationContext cache statistics: [DefaultContextCache@64508788 size = 2, maxSize = 32, parentContextCount = 0, hitCount = 141, missCount = 2, failureCount = 0]
2025-06-18T16:55:51.551+10:00 DEBUG 25328 --- [           main] o.s.t.web.servlet.TestDispatcherServlet  : GET "/api/contacts", parameters={masked}
2025-06-18T16:55:51.551+10:00 DEBUG 25328 --- [           main] s.w.s.m.m.a.RequestMappingHandlerMapping : Mapped to code.restful.addressbook.AddressBookController#getContacts(Optional, Optional, Optional)
2025-06-18T16:55:51.551+10:00 DEBUG 25328 --- [           main] o.s.w.s.m.m.a.HttpEntityMethodProcessor  : Using 'application/json', given [*/*] and supported [application/json, application/*+json]
2025-06-18T16:55:51.551+10:00 DEBUG 25328 --- [           main] o.s.w.s.m.m.a.HttpEntityMethodProcessor  : Writing [[ContactDetailsImpl{id=1, firstName='Contact', lastName='ONE', email='null', phoneNumber='+61426-555 (truncated)...]
2025-06-18T16:55:51.551+10:00 DEBUG 25328 --- [           main] o.s.t.web.servlet.TestDispatcherServlet  : Completed 200 OK

MockHttpServletRequest:
      HTTP Method = GET
      Request URI = /api/contacts
       Parameters = {firstName=[Contact], lastName=[ONE]}
          Headers = []
             Body = null
    Session Attrs = {}

Handler:
             Type = code.restful.addressbook.AddressBookController
           Method = code.restful.addressbook.AddressBookController#getContacts(Optional, Optional, Optional)

Async:
    Async started = false
     Async result = null

Resolved Exception:
             Type = null

ModelAndView:
        View name = null
             View = null
            Model = null

FlashMap:
       Attributes = null

MockHttpServletResponse:
           Status = 200
    Error message = null
          Headers = [Content-Type:"application/json"]
     Content type = application/json
             Body = [{"id":1,"firstName":"Contact","lastName":"ONE","email":null,"phoneNumber":"+61426-555-251","address":null}]
    Forwarded URL = null
   Redirected URL = null
          Cookies = []
2025-06-18T16:55:51.557+10:00 DEBUG 25328 --- [           main] org.springframework.test.context.cache   : Spring test ApplicationContext cache statistics: [DefaultContextCache@64508788 size = 2, maxSize = 32, parentContextCount = 0, hitCount = 142, missCount = 2, failureCount = 0]
2025-06-18T16:55:51.558+10:00 DEBUG 25328 --- [           main] org.springframework.test.context.cache   : Spring test ApplicationContext cache statistics: [DefaultContextCache@64508788 size = 2, maxSize = 32, parentContextCount = 0, hitCount = 143, missCount = 2, failureCount = 0]
2025-06-18T16:55:51.558+10:00 DEBUG 25328 --- [           main] org.springframework.test.context.cache   : Spring test ApplicationContext cache statistics: [DefaultContextCache@64508788 size = 2, maxSize = 32, parentContextCount = 0, hitCount = 144, missCount = 2, failureCount = 0]
2025-06-18T16:55:51.558+10:00 DEBUG 25328 --- [           main] org.springframework.test.context.cache   : Spring test ApplicationContext cache statistics: [DefaultContextCache@64508788 size = 2, maxSize = 32, parentContextCount = 0, hitCount = 145, missCount = 2, failureCount = 0]
2025-06-18T16:55:51.559+10:00 DEBUG 25328 --- [           main] org.springframework.test.context.cache   : Spring test ApplicationContext cache statistics: [DefaultContextCache@64508788 size = 2, maxSize = 32, parentContextCount = 0, hitCount = 146, missCount = 2, failureCount = 0]
2025-06-18T16:55:51.559+10:00 DEBUG 25328 --- [           main] org.springframework.test.context.cache   : Spring test ApplicationContext cache statistics: [DefaultContextCache@64508788 size = 2, maxSize = 32, parentContextCount = 0, hitCount = 147, missCount = 2, failureCount = 0]
2025-06-18T16:55:51.560+10:00 DEBUG 25328 --- [           main] .c.s.DirtiesContextTestExecutionListener : After test method: class [MockServerTests], method [findcontactDetailsInfoByFirstAndLastName], class annotated with @DirtiesContext [false] with mode [null], method annotated with @DirtiesContext [false] with mode [null]
2025-06-18T16:55:51.560+10:00 DEBUG 25328 --- [           main] o.s.t.c.w.ServletTestExecutionListener   : Resetting RequestContextHolder for test class test.restful.addressbook.tests.MockServerTests
]]></system-out>
  </testcase>
  <testcase name="deleteContact" classname="test.restful.addressbook.tests.MockServerTests" time="0.017">
    <system-out><![CDATA[2025-06-18T16:55:51.561+10:00 DEBUG 25328 --- [           main] org.springframework.test.context.cache   : Spring test ApplicationContext cache statistics: [DefaultContextCache@64508788 size = 2, maxSize = 32, parentContextCount = 0, hitCount = 148, missCount = 2, failureCount = 0]
2025-06-18T16:55:51.561+10:00 DEBUG 25328 --- [           main] o.s.t.c.w.ServletTestExecutionListener   : Setting up MockHttpServletRequest, MockHttpServletResponse, ServletWebRequest, and RequestContextHolder for test class test.restful.addressbook.tests.MockServerTests
2025-06-18T16:55:51.561+10:00 DEBUG 25328 --- [           main] DependencyInjectionTestExecutionListener : Performing dependency injection for test class test.restful.addressbook.tests.MockServerTests
2025-06-18T16:55:51.562+10:00 DEBUG 25328 --- [           main] org.springframework.test.context.cache   : Spring test ApplicationContext cache statistics: [DefaultContextCache@64508788 size = 2, maxSize = 32, parentContextCount = 0, hitCount = 149, missCount = 2, failureCount = 0]
2025-06-18T16:55:51.562+10:00 DEBUG 25328 --- [           main] org.springframework.test.context.cache   : Spring test ApplicationContext cache statistics: [DefaultContextCache@64508788 size = 2, maxSize = 32, parentContextCount = 0, hitCount = 150, missCount = 2, failureCount = 0]
2025-06-18T16:55:51.563+10:00 DEBUG 25328 --- [           main] sContextBeforeModesTestExecutionListener : Before test method: class [MockServerTests], method [deleteContact], class annotated with @DirtiesContext [false] with mode [null], method annotated with @DirtiesContext [false] with mode [null]
2025-06-18T16:55:51.563+10:00 DEBUG 25328 --- [           main] org.springframework.test.context.cache   : Spring test ApplicationContext cache statistics: [DefaultContextCache@64508788 size = 2, maxSize = 32, parentContextCount = 0, hitCount = 151, missCount = 2, failureCount = 0]
2025-06-18T16:55:51.564+10:00 DEBUG 25328 --- [           main] org.springframework.test.context.cache   : Spring test ApplicationContext cache statistics: [DefaultContextCache@64508788 size = 2, maxSize = 32, parentContextCount = 0, hitCount = 152, missCount = 2, failureCount = 0]
2025-06-18T16:55:51.566+10:00 DEBUG 25328 --- [           main] org.springframework.test.context.cache   : Spring test ApplicationContext cache statistics: [DefaultContextCache@64508788 size = 2, maxSize = 32, parentContextCount = 0, hitCount = 153, missCount = 2, failureCount = 0]
2025-06-18T16:55:51.568+10:00 DEBUG 25328 --- [           main] o.s.t.web.servlet.TestDispatcherServlet  : DELETE "/api/contacts/2", parameters={}
2025-06-18T16:55:51.568+10:00 DEBUG 25328 --- [           main] s.w.s.m.m.a.RequestMappingHandlerMapping : Mapped to code.restful.addressbook.AddressBookController#deleteContact(Long)
2025-06-18T16:55:51.572+10:00 DEBUG 25328 --- [           main] o.s.w.s.m.m.a.HttpEntityMethodProcessor  : Using 'application/json', given [*/*] and supported [application/json, application/*+json]
2025-06-18T16:55:51.573+10:00 DEBUG 25328 --- [           main] o.s.w.s.m.m.a.HttpEntityMethodProcessor  : Nothing to write: null body
2025-06-18T16:55:51.573+10:00 DEBUG 25328 --- [           main] o.s.t.web.servlet.TestDispatcherServlet  : Completed 204 NO_CONTENT

MockHttpServletRequest:
      HTTP Method = DELETE
      Request URI = /api/contacts/2
       Parameters = {}
          Headers = []
             Body = null
    Session Attrs = {}

Handler:
             Type = code.restful.addressbook.AddressBookController
           Method = code.restful.addressbook.AddressBookController#deleteContact(Long)

Async:
    Async started = false
     Async result = null

Resolved Exception:
             Type = null

ModelAndView:
        View name = null
             View = null
            Model = null

FlashMap:
       Attributes = null

MockHttpServletResponse:
           Status = 204
    Error message = null
          Headers = []
     Content type = null
             Body = 
    Forwarded URL = null
   Redirected URL = null
          Cookies = []
2025-06-18T16:55:51.575+10:00 DEBUG 25328 --- [           main] o.s.t.web.servlet.TestDispatcherServlet  : GET "/api/contacts/2", parameters={}
2025-06-18T16:55:51.576+10:00 DEBUG 25328 --- [           main] s.w.s.m.m.a.RequestMappingHandlerMapping : Mapped to code.restful.addressbook.AddressBookController#getContactById(Long)
2025-06-18T16:55:51.577+10:00 DEBUG 25328 --- [           main] o.s.w.s.m.m.a.HttpEntityMethodProcessor  : Using 'application/json', given [*/*] and supported [application/json, application/*+json]
2025-06-18T16:55:51.577+10:00 DEBUG 25328 --- [           main] o.s.w.s.m.m.a.HttpEntityMethodProcessor  : Nothing to write: null body
2025-06-18T16:55:51.577+10:00 DEBUG 25328 --- [           main] o.s.t.web.servlet.TestDispatcherServlet  : Completed 404 NOT_FOUND
2025-06-18T16:55:51.578+10:00 DEBUG 25328 --- [           main] org.springframework.test.context.cache   : Spring test ApplicationContext cache statistics: [DefaultContextCache@64508788 size = 2, maxSize = 32, parentContextCount = 0, hitCount = 154, missCount = 2, failureCount = 0]
2025-06-18T16:55:51.578+10:00 DEBUG 25328 --- [           main] org.springframework.test.context.cache   : Spring test ApplicationContext cache statistics: [DefaultContextCache@64508788 size = 2, maxSize = 32, parentContextCount = 0, hitCount = 155, missCount = 2, failureCount = 0]
2025-06-18T16:55:51.578+10:00 DEBUG 25328 --- [           main] org.springframework.test.context.cache   : Spring test ApplicationContext cache statistics: [DefaultContextCache@64508788 size = 2, maxSize = 32, parentContextCount = 0, hitCount = 156, missCount = 2, failureCount = 0]
2025-06-18T16:55:51.578+10:00 DEBUG 25328 --- [           main] org.springframework.test.context.cache   : Spring test ApplicationContext cache statistics: [DefaultContextCache@64508788 size = 2, maxSize = 32, parentContextCount = 0, hitCount = 157, missCount = 2, failureCount = 0]
2025-06-18T16:55:51.579+10:00 DEBUG 25328 --- [           main] org.springframework.test.context.cache   : Spring test ApplicationContext cache statistics: [DefaultContextCache@64508788 size = 2, maxSize = 32, parentContextCount = 0, hitCount = 158, missCount = 2, failureCount = 0]
2025-06-18T16:55:51.579+10:00 DEBUG 25328 --- [           main] org.springframework.test.context.cache   : Spring test ApplicationContext cache statistics: [DefaultContextCache@64508788 size = 2, maxSize = 32, parentContextCount = 0, hitCount = 159, missCount = 2, failureCount = 0]
2025-06-18T16:55:51.580+10:00 DEBUG 25328 --- [           main] .c.s.DirtiesContextTestExecutionListener : After test method: class [MockServerTests], method [deleteContact], class annotated with @DirtiesContext [false] with mode [null], method annotated with @DirtiesContext [false] with mode [null]
2025-06-18T16:55:51.580+10:00 DEBUG 25328 --- [           main] o.s.t.c.w.ServletTestExecutionListener   : Resetting RequestContextHolder for test class test.restful.addressbook.tests.MockServerTests
]]></system-out>
  </testcase>
  <testcase name="putExistingContact" classname="test.restful.addressbook.tests.MockServerTests" time="0.011">
    <system-out><![CDATA[2025-06-18T16:55:51.581+10:00 DEBUG 25328 --- [           main] org.springframework.test.context.cache   : Spring test ApplicationContext cache statistics: [DefaultContextCache@64508788 size = 2, maxSize = 32, parentContextCount = 0, hitCount = 160, missCount = 2, failureCount = 0]
2025-06-18T16:55:51.581+10:00 DEBUG 25328 --- [           main] o.s.t.c.w.ServletTestExecutionListener   : Setting up MockHttpServletRequest, MockHttpServletResponse, ServletWebRequest, and RequestContextHolder for test class test.restful.addressbook.tests.MockServerTests
2025-06-18T16:55:51.581+10:00 DEBUG 25328 --- [           main] DependencyInjectionTestExecutionListener : Performing dependency injection for test class test.restful.addressbook.tests.MockServerTests
2025-06-18T16:55:51.581+10:00 DEBUG 25328 --- [           main] org.springframework.test.context.cache   : Spring test ApplicationContext cache statistics: [DefaultContextCache@64508788 size = 2, maxSize = 32, parentContextCount = 0, hitCount = 161, missCount = 2, failureCount = 0]
2025-06-18T16:55:51.583+10:00 DEBUG 25328 --- [           main] org.springframework.test.context.cache   : Spring test ApplicationContext cache statistics: [DefaultContextCache@64508788 size = 2, maxSize = 32, parentContextCount = 0, hitCount = 162, missCount = 2, failureCount = 0]
2025-06-18T16:55:51.583+10:00 DEBUG 25328 --- [           main] sContextBeforeModesTestExecutionListener : Before test method: class [MockServerTests], method [putExistingContact], class annotated with @DirtiesContext [false] with mode [null], method annotated with @DirtiesContext [false] with mode [null]
2025-06-18T16:55:51.583+10:00 DEBUG 25328 --- [           main] org.springframework.test.context.cache   : Spring test ApplicationContext cache statistics: [DefaultContextCache@64508788 size = 2, maxSize = 32, parentContextCount = 0, hitCount = 163, missCount = 2, failureCount = 0]
2025-06-18T16:55:51.583+10:00 DEBUG 25328 --- [           main] org.springframework.test.context.cache   : Spring test ApplicationContext cache statistics: [DefaultContextCache@64508788 size = 2, maxSize = 32, parentContextCount = 0, hitCount = 164, missCount = 2, failureCount = 0]
2025-06-18T16:55:51.583+10:00 DEBUG 25328 --- [           main] org.springframework.test.context.cache   : Spring test ApplicationContext cache statistics: [DefaultContextCache@64508788 size = 2, maxSize = 32, parentContextCount = 0, hitCount = 165, missCount = 2, failureCount = 0]
2025-06-18T16:55:51.583+10:00 DEBUG 25328 --- [           main] o.s.t.web.servlet.TestDispatcherServlet  : PUT "/api/contacts/1", parameters={}
2025-06-18T16:55:51.583+10:00 DEBUG 25328 --- [           main] s.w.s.m.m.a.RequestMappingHandlerMapping : Mapped to code.restful.addressbook.AddressBookController#updateContact(Long, ContactDetailsImpl)
2025-06-18T16:55:51.590+10:00 DEBUG 25328 --- [           main] m.m.a.RequestResponseBodyMethodProcessor : Read "application/json;charset=UTF-8" to [ContactDetailsImpl{id=1, firstName='John', lastName='Doe', email='john.doe@example.com', phoneNumber (truncated)...]
2025-06-18T16:55:51.592+10:00 DEBUG 25328 --- [           main] o.s.w.s.m.m.a.HttpEntityMethodProcessor  : Using 'application/json', given [*/*] and supported [application/json, application/*+json]
2025-06-18T16:55:51.592+10:00 DEBUG 25328 --- [           main] o.s.w.s.m.m.a.HttpEntityMethodProcessor  : Writing [ContactDetailsImpl{id=1, firstName='John', lastName='Doe', email='john.doe@example.com', phoneNumber (truncated)...]
2025-06-18T16:55:51.592+10:00 DEBUG 25328 --- [           main] o.s.t.web.servlet.TestDispatcherServlet  : Completed 200 OK

MockHttpServletRequest:
      HTTP Method = PUT
      Request URI = /api/contacts/1
       Parameters = {}
          Headers = [Content-Type:"application/json;charset=UTF-8", Content-Length:"126"]
             Body = {"id":1,"firstName":"John","lastName":"Doe","phoneNumber":"1234567890","email":"john.doe@example.com","address":"123 Main St"}
    Session Attrs = {}

Handler:
             Type = code.restful.addressbook.AddressBookController
           Method = code.restful.addressbook.AddressBookController#updateContact(Long, ContactDetailsImpl)

Async:
    Async started = false
     Async result = null

Resolved Exception:
             Type = null

ModelAndView:
        View name = null
             View = null
            Model = null

FlashMap:
       Attributes = null

MockHttpServletResponse:
           Status = 200
    Error message = null
          Headers = [Content-Type:"application/json"]
     Content type = application/json
             Body = {"type":"ContactDetailsImpl","id":1,"firstName":"John","lastName":"Doe","email":"john.doe@example.com","phoneNumber":"1234567890","address":"123 Main St"}
    Forwarded URL = null
   Redirected URL = null
          Cookies = []
2025-06-18T16:55:51.594+10:00 DEBUG 25328 --- [           main] org.springframework.test.context.cache   : Spring test ApplicationContext cache statistics: [DefaultContextCache@64508788 size = 2, maxSize = 32, parentContextCount = 0, hitCount = 166, missCount = 2, failureCount = 0]
2025-06-18T16:55:51.594+10:00 DEBUG 25328 --- [           main] org.springframework.test.context.cache   : Spring test ApplicationContext cache statistics: [DefaultContextCache@64508788 size = 2, maxSize = 32, parentContextCount = 0, hitCount = 167, missCount = 2, failureCount = 0]
2025-06-18T16:55:51.594+10:00 DEBUG 25328 --- [           main] org.springframework.test.context.cache   : Spring test ApplicationContext cache statistics: [DefaultContextCache@64508788 size = 2, maxSize = 32, parentContextCount = 0, hitCount = 168, missCount = 2, failureCount = 0]
2025-06-18T16:55:51.594+10:00 DEBUG 25328 --- [           main] org.springframework.test.context.cache   : Spring test ApplicationContext cache statistics: [DefaultContextCache@64508788 size = 2, maxSize = 32, parentContextCount = 0, hitCount = 169, missCount = 2, failureCount = 0]
2025-06-18T16:55:51.594+10:00 DEBUG 25328 --- [           main] org.springframework.test.context.cache   : Spring test ApplicationContext cache statistics: [DefaultContextCache@64508788 size = 2, maxSize = 32, parentContextCount = 0, hitCount = 170, missCount = 2, failureCount = 0]
2025-06-18T16:55:51.594+10:00 DEBUG 25328 --- [           main] org.springframework.test.context.cache   : Spring test ApplicationContext cache statistics: [DefaultContextCache@64508788 size = 2, maxSize = 32, parentContextCount = 0, hitCount = 171, missCount = 2, failureCount = 0]
2025-06-18T16:55:51.594+10:00 DEBUG 25328 --- [           main] .c.s.DirtiesContextTestExecutionListener : After test method: class [MockServerTests], method [putExistingContact], class annotated with @DirtiesContext [false] with mode [null], method annotated with @DirtiesContext [false] with mode [null]
2025-06-18T16:55:51.594+10:00 DEBUG 25328 --- [           main] o.s.t.c.w.ServletTestExecutionListener   : Resetting RequestContextHolder for test class test.restful.addressbook.tests.MockServerTests
]]></system-out>
  </testcase>
  <testcase name="findContactById" classname="test.restful.addressbook.tests.MockServerTests" time="0.018">
    <system-out><![CDATA[2025-06-18T16:55:51.594+10:00 DEBUG 25328 --- [           main] org.springframework.test.context.cache   : Spring test ApplicationContext cache statistics: [DefaultContextCache@64508788 size = 2, maxSize = 32, parentContextCount = 0, hitCount = 172, missCount = 2, failureCount = 0]
2025-06-18T16:55:51.594+10:00 DEBUG 25328 --- [           main] o.s.t.c.w.ServletTestExecutionListener   : Setting up MockHttpServletRequest, MockHttpServletResponse, ServletWebRequest, and RequestContextHolder for test class test.restful.addressbook.tests.MockServerTests
2025-06-18T16:55:51.594+10:00 DEBUG 25328 --- [           main] DependencyInjectionTestExecutionListener : Performing dependency injection for test class test.restful.addressbook.tests.MockServerTests
2025-06-18T16:55:51.594+10:00 DEBUG 25328 --- [           main] org.springframework.test.context.cache   : Spring test ApplicationContext cache statistics: [DefaultContextCache@64508788 size = 2, maxSize = 32, parentContextCount = 0, hitCount = 173, missCount = 2, failureCount = 0]
2025-06-18T16:55:51.594+10:00 DEBUG 25328 --- [           main] org.springframework.test.context.cache   : Spring test ApplicationContext cache statistics: [DefaultContextCache@64508788 size = 2, maxSize = 32, parentContextCount = 0, hitCount = 174, missCount = 2, failureCount = 0]
2025-06-18T16:55:51.594+10:00 DEBUG 25328 --- [           main] sContextBeforeModesTestExecutionListener : Before test method: class [MockServerTests], method [findContactById], class annotated with @DirtiesContext [false] with mode [null], method annotated with @DirtiesContext [false] with mode [null]
2025-06-18T16:55:51.594+10:00 DEBUG 25328 --- [           main] org.springframework.test.context.cache   : Spring test ApplicationContext cache statistics: [DefaultContextCache@64508788 size = 2, maxSize = 32, parentContextCount = 0, hitCount = 175, missCount = 2, failureCount = 0]
2025-06-18T16:55:51.594+10:00 DEBUG 25328 --- [           main] org.springframework.test.context.cache   : Spring test ApplicationContext cache statistics: [DefaultContextCache@64508788 size = 2, maxSize = 32, parentContextCount = 0, hitCount = 176, missCount = 2, failureCount = 0]
2025-06-18T16:55:51.594+10:00 DEBUG 25328 --- [           main] org.springframework.test.context.cache   : Spring test ApplicationContext cache statistics: [DefaultContextCache@64508788 size = 2, maxSize = 32, parentContextCount = 0, hitCount = 177, missCount = 2, failureCount = 0]
2025-06-18T16:55:51.605+10:00 DEBUG 25328 --- [           main] o.s.t.web.servlet.TestDispatcherServlet  : GET "/api/contacts/1", parameters={}
2025-06-18T16:55:51.606+10:00 DEBUG 25328 --- [           main] s.w.s.m.m.a.RequestMappingHandlerMapping : Mapped to code.restful.addressbook.AddressBookController#getContactById(Long)
2025-06-18T16:55:51.607+10:00 DEBUG 25328 --- [           main] o.s.w.s.m.m.a.HttpEntityMethodProcessor  : Using 'application/json', given [*/*] and supported [application/json, application/*+json]
2025-06-18T16:55:51.608+10:00 DEBUG 25328 --- [           main] o.s.w.s.m.m.a.HttpEntityMethodProcessor  : Writing [ContactDetailsImpl{id=1, firstName='Contact', lastName='ONE', email='null', phoneNumber='+61426-555- (truncated)...]
2025-06-18T16:55:51.608+10:00 DEBUG 25328 --- [           main] o.s.t.web.servlet.TestDispatcherServlet  : Completed 200 OK

MockHttpServletRequest:
      HTTP Method = GET
      Request URI = /api/contacts/1
       Parameters = {}
          Headers = []
             Body = null
    Session Attrs = {}

Handler:
             Type = code.restful.addressbook.AddressBookController
           Method = code.restful.addressbook.AddressBookController#getContactById(Long)

Async:
    Async started = false
     Async result = null

Resolved Exception:
             Type = null

ModelAndView:
        View name = null
             View = null
            Model = null

FlashMap:
       Attributes = null

MockHttpServletResponse:
           Status = 200
    Error message = null
          Headers = [Content-Type:"application/json"]
     Content type = application/json
             Body = {"type":"ContactDetailsImpl","id":1,"firstName":"Contact","lastName":"ONE","email":null,"phoneNumber":"+61426-555-251","address":null}
    Forwarded URL = null
   Redirected URL = null
          Cookies = []
2025-06-18T16:55:51.612+10:00 DEBUG 25328 --- [           main] org.springframework.test.context.cache   : Spring test ApplicationContext cache statistics: [DefaultContextCache@64508788 size = 2, maxSize = 32, parentContextCount = 0, hitCount = 178, missCount = 2, failureCount = 0]
2025-06-18T16:55:51.612+10:00 DEBUG 25328 --- [           main] org.springframework.test.context.cache   : Spring test ApplicationContext cache statistics: [DefaultContextCache@64508788 size = 2, maxSize = 32, parentContextCount = 0, hitCount = 179, missCount = 2, failureCount = 0]
2025-06-18T16:55:51.612+10:00 DEBUG 25328 --- [           main] org.springframework.test.context.cache   : Spring test ApplicationContext cache statistics: [DefaultContextCache@64508788 size = 2, maxSize = 32, parentContextCount = 0, hitCount = 180, missCount = 2, failureCount = 0]
2025-06-18T16:55:51.612+10:00 DEBUG 25328 --- [           main] org.springframework.test.context.cache   : Spring test ApplicationContext cache statistics: [DefaultContextCache@64508788 size = 2, maxSize = 32, parentContextCount = 0, hitCount = 181, missCount = 2, failureCount = 0]
2025-06-18T16:55:51.612+10:00 DEBUG 25328 --- [           main] org.springframework.test.context.cache   : Spring test ApplicationContext cache statistics: [DefaultContextCache@64508788 size = 2, maxSize = 32, parentContextCount = 0, hitCount = 182, missCount = 2, failureCount = 0]
2025-06-18T16:55:51.612+10:00 DEBUG 25328 --- [           main] org.springframework.test.context.cache   : Spring test ApplicationContext cache statistics: [DefaultContextCache@64508788 size = 2, maxSize = 32, parentContextCount = 0, hitCount = 183, missCount = 2, failureCount = 0]
2025-06-18T16:55:51.612+10:00 DEBUG 25328 --- [           main] .c.s.DirtiesContextTestExecutionListener : After test method: class [MockServerTests], method [findContactById], class annotated with @DirtiesContext [false] with mode [null], method annotated with @DirtiesContext [false] with mode [null]
2025-06-18T16:55:51.612+10:00 DEBUG 25328 --- [           main] o.s.t.c.w.ServletTestExecutionListener   : Resetting RequestContextHolder for test class test.restful.addressbook.tests.MockServerTests
]]></system-out>
  </testcase>
  <testcase name="findcontactDetailsInfoByLastName" classname="test.restful.addressbook.tests.MockServerTests" time="0.003">
    <system-out><![CDATA[2025-06-18T16:55:51.612+10:00 DEBUG 25328 --- [           main] org.springframework.test.context.cache   : Spring test ApplicationContext cache statistics: [DefaultContextCache@64508788 size = 2, maxSize = 32, parentContextCount = 0, hitCount = 184, missCount = 2, failureCount = 0]
2025-06-18T16:55:51.612+10:00 DEBUG 25328 --- [           main] o.s.t.c.w.ServletTestExecutionListener   : Setting up MockHttpServletRequest, MockHttpServletResponse, ServletWebRequest, and RequestContextHolder for test class test.restful.addressbook.tests.MockServerTests
2025-06-18T16:55:51.612+10:00 DEBUG 25328 --- [           main] DependencyInjectionTestExecutionListener : Performing dependency injection for test class test.restful.addressbook.tests.MockServerTests
2025-06-18T16:55:51.612+10:00 DEBUG 25328 --- [           main] org.springframework.test.context.cache   : Spring test ApplicationContext cache statistics: [DefaultContextCache@64508788 size = 2, maxSize = 32, parentContextCount = 0, hitCount = 185, missCount = 2, failureCount = 0]
2025-06-18T16:55:51.612+10:00 DEBUG 25328 --- [           main] org.springframework.test.context.cache   : Spring test ApplicationContext cache statistics: [DefaultContextCache@64508788 size = 2, maxSize = 32, parentContextCount = 0, hitCount = 186, missCount = 2, failureCount = 0]
2025-06-18T16:55:51.623+10:00 DEBUG 25328 --- [           main] sContextBeforeModesTestExecutionListener : Before test method: class [MockServerTests], method [findcontactDetailsInfoByLastName], class annotated with @DirtiesContext [false] with mode [null], method annotated with @DirtiesContext [false] with mode [null]
2025-06-18T16:55:51.623+10:00 DEBUG 25328 --- [           main] org.springframework.test.context.cache   : Spring test ApplicationContext cache statistics: [DefaultContextCache@64508788 size = 2, maxSize = 32, parentContextCount = 0, hitCount = 187, missCount = 2, failureCount = 0]
2025-06-18T16:55:51.623+10:00 DEBUG 25328 --- [           main] org.springframework.test.context.cache   : Spring test ApplicationContext cache statistics: [DefaultContextCache@64508788 size = 2, maxSize = 32, parentContextCount = 0, hitCount = 188, missCount = 2, failureCount = 0]
2025-06-18T16:55:51.625+10:00 DEBUG 25328 --- [           main] org.springframework.test.context.cache   : Spring test ApplicationContext cache statistics: [DefaultContextCache@64508788 size = 2, maxSize = 32, parentContextCount = 0, hitCount = 189, missCount = 2, failureCount = 0]
2025-06-18T16:55:51.625+10:00 DEBUG 25328 --- [           main] o.s.t.web.servlet.TestDispatcherServlet  : GET "/api/contacts", parameters={masked}
2025-06-18T16:55:51.625+10:00 DEBUG 25328 --- [           main] s.w.s.m.m.a.RequestMappingHandlerMapping : Mapped to code.restful.addressbook.AddressBookController#getContacts(Optional, Optional, Optional)
2025-06-18T16:55:51.625+10:00 DEBUG 25328 --- [           main] o.s.w.s.m.m.a.HttpEntityMethodProcessor  : Using 'application/json', given [*/*] and supported [application/json, application/*+json]
2025-06-18T16:55:51.625+10:00 DEBUG 25328 --- [           main] o.s.w.s.m.m.a.HttpEntityMethodProcessor  : Writing [[ContactDetailsImpl{id=1, firstName='Contact', lastName='ONE', email='null', phoneNumber='+61426-555 (truncated)...]
2025-06-18T16:55:51.625+10:00 DEBUG 25328 --- [           main] o.s.t.web.servlet.TestDispatcherServlet  : Completed 200 OK

MockHttpServletRequest:
      HTTP Method = GET
      Request URI = /api/contacts
       Parameters = {lastName=[ONE]}
          Headers = []
             Body = null
    Session Attrs = {}

Handler:
             Type = code.restful.addressbook.AddressBookController
           Method = code.restful.addressbook.AddressBookController#getContacts(Optional, Optional, Optional)

Async:
    Async started = false
     Async result = null

Resolved Exception:
             Type = null

ModelAndView:
        View name = null
             View = null
            Model = null

FlashMap:
       Attributes = null

MockHttpServletResponse:
           Status = 200
    Error message = null
          Headers = [Content-Type:"application/json"]
     Content type = application/json
             Body = [{"id":1,"firstName":"Contact","lastName":"ONE","email":null,"phoneNumber":"+61426-555-251","address":null}]
    Forwarded URL = null
   Redirected URL = null
          Cookies = []
2025-06-18T16:55:51.625+10:00 DEBUG 25328 --- [           main] org.springframework.test.context.cache   : Spring test ApplicationContext cache statistics: [DefaultContextCache@64508788 size = 2, maxSize = 32, parentContextCount = 0, hitCount = 190, missCount = 2, failureCount = 0]
2025-06-18T16:55:51.625+10:00 DEBUG 25328 --- [           main] org.springframework.test.context.cache   : Spring test ApplicationContext cache statistics: [DefaultContextCache@64508788 size = 2, maxSize = 32, parentContextCount = 0, hitCount = 191, missCount = 2, failureCount = 0]
2025-06-18T16:55:51.625+10:00 DEBUG 25328 --- [           main] org.springframework.test.context.cache   : Spring test ApplicationContext cache statistics: [DefaultContextCache@64508788 size = 2, maxSize = 32, parentContextCount = 0, hitCount = 192, missCount = 2, failureCount = 0]
2025-06-18T16:55:51.625+10:00 DEBUG 25328 --- [           main] org.springframework.test.context.cache   : Spring test ApplicationContext cache statistics: [DefaultContextCache@64508788 size = 2, maxSize = 32, parentContextCount = 0, hitCount = 193, missCount = 2, failureCount = 0]
2025-06-18T16:55:51.625+10:00 DEBUG 25328 --- [           main] org.springframework.test.context.cache   : Spring test ApplicationContext cache statistics: [DefaultContextCache@64508788 size = 2, maxSize = 32, parentContextCount = 0, hitCount = 194, missCount = 2, failureCount = 0]
2025-06-18T16:55:51.625+10:00 DEBUG 25328 --- [           main] org.springframework.test.context.cache   : Spring test ApplicationContext cache statistics: [DefaultContextCache@64508788 size = 2, maxSize = 32, parentContextCount = 0, hitCount = 195, missCount = 2, failureCount = 0]
2025-06-18T16:55:51.625+10:00 DEBUG 25328 --- [           main] .c.s.DirtiesContextTestExecutionListener : After test method: class [MockServerTests], method [findcontactDetailsInfoByLastName], class annotated with @DirtiesContext [false] with mode [null], method annotated with @DirtiesContext [false] with mode [null]
2025-06-18T16:55:51.625+10:00 DEBUG 25328 --- [           main] o.s.t.c.w.ServletTestExecutionListener   : Resetting RequestContextHolder for test class test.restful.addressbook.tests.MockServerTests
]]></system-out>
  </testcase>
</testsuite>